
> my-v0-project@0.1.0 emulator:start
> firebase emulators:start --project elemente-dev

i  emulators: Starting emulators: auth
⚠  hub: emulator hub unable to start on port 4400, starting on 4401 instead.
⚠  logging: Logging Emulator unable to start on port 4500, starting on 4501 instead.
i  ui: Emulator UI logging to ui-debug.log

┌─────────────────────────────────────────────────────────────┐
│ ✔  All emulators ready! It is now safe to connect your app. │
│ i  View Emulator UI at http://127.0.0.1:4010/               │
└─────────────────────────────────────────────────────────────┘

┌────────────────┬────────────────┬────────────────────────────┐
│ Emulator       │ Host:Port      │ View in Emulator UI        │
├────────────────┼────────────────┼────────────────────────────┤
│ Authentication │ 127.0.0.1:9210 │ http://127.0.0.1:4010/auth │
└────────────────┴────────────────┴────────────────────────────┘
  Emulator Hub running at 127.0.0.1:4401
  Other reserved ports: 4501

Issues? Report them at https://github.com/firebase/firebase-tools/issues and attach the *-debug.log files.
 
i  To verify the email address dev@audial.local, follow this link: http://127.0.0.1:9210/emulator/action?mode=verifyEmail&lang=en&oobCode=RAQvxZj4AUqySocLw0hYkRjsgG6FZPKjTI2cXnSNQmbdhOrymkBgsH&apiKey=fake-api-key
 
i  emulators: Received SIGINT (Ctrl-C) for the first time. Starting a clean shutdown.
i  emulators: Please wait for a clean shutdown or send the SIGINT (Ctrl-C) signal again to stop right now.
i  emulators: Shutting down emulators.
i  ui: Stopping Emulator UI
⚠  Emulator UI has exited upon receiving signal: SIGINT
i  auth: Stopping Authentication Emulator
i  hub: Stopping emulator hub
i  logging: Stopping Logging Emulator
